<testng-results>
  <reporter-output>
  </reporter-output>
  <suite name="ProtegeTestSuite">
    <groups>
    </groups>
    <test name="JUnit-Test-Example">
      <class name="org.coode.dlquery.JUnitExample">
        <test-method status="PASS" signature="testJunit()" name="testJunit" duration-ms="4" started-at="2010-11-05T11:27:52Z" finished-at="2010-11-05T11:27:52Z">
        </test-method>
      </class>
    </test>
    <test name="Unit 1">
    </test>
  </suite>
</testng-results>
